2025-04-02 08:49:22.624 | INFO     | models.generative_model:load_pipeline:23 - Loading RealVisXL (Best Quality) pipeline...
2025-04-02 08:49:22.625 | ERROR    | models.generative_model:generate_hd_image:60 - Generation failed: 'RealVisXL (Best Quality)'
2025-04-02 08:49:22.627 | ERROR    | __main__:main:89 - Error: 'RealVisXL (Best Quality)'
2025-04-02 08:49:50.975 | INFO     | models.generative_model:load_pipeline:23 - Loading RealVisXL (Best Quality) pipeline...
2025-04-02 08:49:50.978 | ERROR    | models.generative_model:generate_hd_image:60 - Generation failed: 'RealVisXL (Best Quality)'
2025-04-02 08:49:50.981 | ERROR    | __main__:main:89 - Error: 'RealVisXL (Best Quality)'
2025-04-02 08:51:30.595 | INFO     | models.generative_model:load_pipeline:23 - Loading RealVisXL (Best Quality) pipeline...
2025-04-02 08:51:30.597 | ERROR    | models.generative_model:generate_hd_image:60 - Generation failed: 'RealVisXL (Best Quality)'
2025-04-02 08:51:30.600 | ERROR    | __main__:main:89 - Error: 'RealVisXL (Best Quality)'
2025-04-02 08:51:41.759 | INFO     | models.generative_model:load_pipeline:23 - Loading RealVisXL (Best Quality) pipeline...
2025-04-02 08:51:41.762 | ERROR    | models.generative_model:generate_hd_image:60 - Generation failed: 'RealVisXL (Best Quality)'
2025-04-02 08:51:41.766 | ERROR    | __main__:main:89 - Error: 'RealVisXL (Best Quality)'
2025-04-02 08:57:25.418 | ERROR    | __main__:main:91 - Error: HDImageGenerator.generate_hd_image() got an unexpected keyword argument 'model_name'
2025-04-02 08:59:32.674 | ERROR    | __main__:main:91 - Error: HDImageGenerator.generate_hd_image() got an unexpected keyword argument 'model_name'
2025-04-02 08:59:34.514 | ERROR    | __main__:main:91 - Error: HDImageGenerator.generate_hd_image() got an unexpected keyword argument 'model_name'
2025-04-02 09:05:18.409 | INFO     | models.generative_model:load_pipeline:23 - Loading RealVisXL pipeline...
2025-04-02 09:45:47.956 | INFO     | models.generative_model:load_pipeline:23 - Loading RealVisXL pipeline...
2025-04-02 09:54:51.207 | ERROR    | models.generative_model:generate_hd_image:51 - Generation failed: Unknown model key: RealVisXL
2025-04-02 09:54:51.209 | ERROR    | __main__:main:97 - Error: Unknown model key: RealVisXL
2025-04-02 09:56:42.273 | INFO     | models.generative_model:load_pipeline:21 - Loading StableDiffusion2 pipeline...
